<?xml version="1.0" encoding="UTF-8"?>
<testng-results ignored="0" total="2" passed="2" failed="0" skipped="0">
  <reporter-output>
  </reporter-output>
  <suite started-at="2022-07-31T20:32:56 IST" name="Suite" finished-at="2022-07-31T20:33:56 IST" duration-ms="60234">
    <groups>
    </groups>
    <test started-at="2022-07-31T20:32:56 IST" name="Test" finished-at="2022-07-31T20:33:16 IST" duration-ms="20344">
      <class name="testcase.homePageTestCase">
        <test-method is-config="true" signature="beforeTest(org.testng.ITestContext)[pri:0, instance:testcase.homePageTestCase@2d52216b]" started-at="2022-07-31T20:32:56 IST" name="beforeTest" finished-at="2022-07-31T20:32:56 IST" duration-ms="182" status="PASS">
          <params>
            <param index="0">
              <value>
                <![CDATA[org.testng.TestRunner@7d900ecf]]>
              </value>
            </param>
          </params>
          <reporter-output>
          </reporter-output>
        </test-method> <!-- beforeTest -->
        <test-method is-config="true" signature="beforeClass()[pri:0, instance:testcase.homePageTestCase@2d52216b]" started-at="2022-07-31T20:32:56 IST" name="beforeClass" finished-at="2022-07-31T20:33:12 IST" duration-ms="15898" status="PASS">
          <reporter-output>
          </reporter-output>
        </test-method> <!-- beforeClass -->
        <test-method is-config="true" signature="beforeMethod(java.lang.reflect.Method)[pri:0, instance:testcase.homePageTestCase@2d52216b]" started-at="2022-07-31T20:33:12 IST" name="beforeMethod" finished-at="2022-07-31T20:33:12 IST" duration-ms="4" status="PASS">
          <params>
            <param index="0">
              <value>
                <![CDATA[public void testcase.homePageTestCase.verifyHomePage() throws java.lang.Exception]]>
              </value>
            </param>
          </params>
          <reporter-output>
          </reporter-output>
        </test-method> <!-- beforeMethod -->
        <test-method signature="verifyHomePage()[pri:0, instance:testcase.homePageTestCase@2d52216b]" started-at="2022-07-31T20:33:12 IST" name="verifyHomePage" finished-at="2022-07-31T20:33:16 IST" duration-ms="3750" status="PASS">
          <reporter-output>
          </reporter-output>
        </test-method> <!-- verifyHomePage -->
        <test-method is-config="true" signature="afterMethod(java.lang.reflect.Method,org.testng.ITestResult,org.testng.ITestContext)[pri:0, instance:testcase.homePageTestCase@2d52216b]" started-at="2022-07-31T20:33:16 IST" name="afterMethod" finished-at="2022-07-31T20:33:16 IST" duration-ms="285" status="PASS">
          <params>
            <param index="0">
              <value>
                <![CDATA[public void testcase.homePageTestCase.verifyHomePage() throws java.lang.Exception]]>
              </value>
            </param>
            <param index="1">
              <value>
                <![CDATA[[TestResult name=verifyHomePage status=SUCCESS method=homePageTestCase.verifyHomePage()[pri:0, instance:testcase.homePageTestCase@2d52216b] output={null}]]]>
              </value>
            </param>
            <param index="2">
              <value>
                <![CDATA[org.testng.TestRunner@7d900ecf]]>
              </value>
            </param>
          </params>
          <reporter-output>
          </reporter-output>
        </test-method> <!-- afterMethod -->
        <test-method is-config="true" signature="afterTest()[pri:0, instance:testcase.homePageTestCase@2d52216b]" started-at="2022-07-31T20:33:16 IST" name="afterTest" finished-at="2022-07-31T20:33:16 IST" duration-ms="180" status="PASS">
          <reporter-output>
          </reporter-output>
        </test-method> <!-- afterTest -->
      </class> <!-- testcase.homePageTestCase -->
    </test> <!-- Test -->
    <test started-at="2022-07-31T20:32:56 IST" name="Test2" finished-at="2022-07-31T20:33:56 IST" duration-ms="60234">
      <class name="testcase.homePageTestCase">
        <test-method is-config="true" signature="beforeTest(org.testng.ITestContext)[pri:0, instance:testcase.homePageTestCase@53fe15ff]" started-at="2022-07-31T20:32:56 IST" name="beforeTest" finished-at="2022-07-31T20:32:56 IST" duration-ms="182" status="PASS">
          <params>
            <param index="0">
              <value>
                <![CDATA[org.testng.TestRunner@6f01b95f]]>
              </value>
            </param>
          </params>
          <reporter-output>
          </reporter-output>
        </test-method> <!-- beforeTest -->
        <test-method is-config="true" signature="beforeClass()[pri:0, instance:testcase.homePageTestCase@53fe15ff]" started-at="2022-07-31T20:32:56 IST" name="beforeClass" finished-at="2022-07-31T20:33:51 IST" duration-ms="54259" status="PASS">
          <reporter-output>
          </reporter-output>
        </test-method> <!-- beforeClass -->
        <test-method signature="verifyHomePage()[pri:0, instance:testcase.homePageTestCase@53fe15ff]" started-at="2022-07-31T20:33:51 IST" name="verifyHomePage" finished-at="2022-07-31T20:33:56 IST" duration-ms="5493" status="PASS">
          <reporter-output>
          </reporter-output>
        </test-method> <!-- verifyHomePage -->
        <test-method is-config="true" signature="beforeMethod(java.lang.reflect.Method)[pri:0, instance:testcase.homePageTestCase@53fe15ff]" started-at="2022-07-31T20:33:51 IST" name="beforeMethod" finished-at="2022-07-31T20:33:51 IST" duration-ms="0" status="PASS">
          <params>
            <param index="0">
              <value>
                <![CDATA[public void testcase.homePageTestCase.verifyHomePage() throws java.lang.Exception]]>
              </value>
            </param>
          </params>
          <reporter-output>
          </reporter-output>
        </test-method> <!-- beforeMethod -->
        <test-method is-config="true" signature="afterMethod(java.lang.reflect.Method,org.testng.ITestResult,org.testng.ITestContext)[pri:0, instance:testcase.homePageTestCase@53fe15ff]" started-at="2022-07-31T20:33:56 IST" name="afterMethod" finished-at="2022-07-31T20:33:56 IST" duration-ms="104" status="PASS">
          <params>
            <param index="0">
              <value>
                <![CDATA[public void testcase.homePageTestCase.verifyHomePage() throws java.lang.Exception]]>
              </value>
            </param>
            <param index="1">
              <value>
                <![CDATA[[TestResult name=verifyHomePage status=SUCCESS method=homePageTestCase.verifyHomePage()[pri:0, instance:testcase.homePageTestCase@53fe15ff] output={null}]]]>
              </value>
            </param>
            <param index="2">
              <value>
                <![CDATA[org.testng.TestRunner@6f01b95f]]>
              </value>
            </param>
          </params>
          <reporter-output>
          </reporter-output>
        </test-method> <!-- afterMethod -->
        <test-method is-config="true" signature="afterTest()[pri:0, instance:testcase.homePageTestCase@53fe15ff]" started-at="2022-07-31T20:33:56 IST" name="afterTest" finished-at="2022-07-31T20:33:56 IST" duration-ms="172" status="PASS">
          <reporter-output>
          </reporter-output>
        </test-method> <!-- afterTest -->
      </class> <!-- testcase.homePageTestCase -->
    </test> <!-- Test2 -->
  </suite> <!-- Suite -->
</testng-results>
